Using pre-set license
Built from '2020.2/release' branch; Version is '2020.2.2f1 (068178b99f32) revision 426360'; Using compiler version '192528614'; Build Type 'Release'
OS: 'Windows 10 Pro; OS build 19042.1052; Version 2009; 64bit' Language: 'es' Physical Memory: 16310 MB
BatchMode: 1, IsHumanControllingUs: 0, StartBugReporterOnCrash: 0, Is64bit: 1, IsPro: 0

 COMMAND LINE ARGUMENTS:
C:\Program Files\Unity\Hub\Editor\2020.2.2f1\Editor\Unity.exe
-adb2
-batchMode
-noUpm
-name
AssetImportWorker0
-projectPath
D:/Users/Syro/Documents/Repos/repos/Unity-MOTHER-Shaders/BackgroundsCanvas
-logFile
Logs/AssetImportWorker0.log
-srvPort
61276
Successfully changed project path to: D:/Users/Syro/Documents/Repos/repos/Unity-MOTHER-Shaders/BackgroundsCanvas
D:/Users/Syro/Documents/Repos/repos/Unity-MOTHER-Shaders/BackgroundsCanvas
Using Asset Import Pipeline V2.
Refreshing native plugins compatible for Editor in 28.65 ms, found 0 plugins.
Preloading 0 native plugins for Editor in 0.00 ms.
Initialize engine version: 2020.2.2f1 (068178b99f32)
[Subsystems] Discovering subsystems at path C:/Program Files/Unity/Hub/Editor/2020.2.2f1/Editor/Data/Resources/UnitySubsystems
[Subsystems] Discovering subsystems at path D:/Users/Syro/Documents/Repos/repos/Unity-MOTHER-Shaders/BackgroundsCanvas/Assets
GfxDevice: creating device client; threaded=0
Direct3D:
    Version:  Direct3D 11.0 [level 11.1]
    Renderer: NVIDIA GeForce GTX 1650 (ID=0x1f82)
    Vendor:   
    VRAM:     3962 MB
    Driver:   27.21.14.5671
Initialize mono
Mono path[0] = 'C:/Program Files/Unity/Hub/Editor/2020.2.2f1/Editor/Data/Managed'
Mono path[1] = 'C:/Program Files/Unity/Hub/Editor/2020.2.2f1/Editor/Data/MonoBleedingEdge/lib/mono/unityjit'
Mono config path = 'C:/Program Files/Unity/Hub/Editor/2020.2.2f1/Editor/Data/MonoBleedingEdge/etc'
Using monoOptions --debugger-agent=transport=dt_socket,embedding=1,server=y,suspend=n,address=127.0.0.1:56556
Begin MonoManager ReloadAssembly
Registering precompiled unity dll's ...
Register platform support module: C:/Program Files/Unity/Hub/Editor/2020.2.2f1/Editor/Data/PlaybackEngines/WindowsStandaloneSupport/UnityEditor.WindowsStandalone.Extensions.dll
Registered in 0.002320 seconds.
Native extension for WindowsStandalone target not found
Refreshing native plugins compatible for Editor in 23.99 ms, found 0 plugins.
Preloading 0 native plugins for Editor in 0.00 ms.
Invoked RoslynAnalysisRunner static constructor.
RoslynAnalysisRunner will not be running.
RoslynAnalysisRunner has terminated.
Mono: successfully reloaded assembly
- Completed reload, in  1.229 seconds
Platform modules already initialized, skipping
Registering precompiled user dll's ...
Registered in 0.000772 seconds.
Begin MonoManager ReloadAssembly
Native extension for WindowsStandalone target not found
Refreshing native plugins compatible for Editor in 0.20 ms, found 0 plugins.
Preloading 0 native plugins for Editor in 0.00 ms.
Invoked RoslynAnalysisRunner static constructor.
RoslynAnalysisRunner will not be running.
RoslynAnalysisRunner has terminated.
Mono: successfully reloaded assembly
- Completed reload, in  1.027 seconds
Platform modules already initialized, skipping
========================================================================
Worker process is ready to serve import requests
Launched and connected shader compiler UnityShaderCompiler.exe after 0.04 seconds
Refreshing native plugins compatible for Editor in 0.30 ms, found 0 plugins.
Preloading 0 native plugins for Editor in 0.00 ms.
Unloading 1106 Unused Serialized files (Serialized files now loaded: 0)
System memory in use before: 61.4 MB.
System memory in use after: 61.4 MB.

Unloading 10 unused Assets to reduce memory usage. Loaded Objects now: 1548.
Total: 2.138000 ms (FindLiveObjects: 0.224500 ms CreateObjectMapping: 0.042900 ms MarkObjects: 1.771000 ms  DeleteObjects: 0.098100 ms)

========================================================================
Received Import Request.
  path: Assets/Materials/VerticalScrollinSin(y).shader
  artifactKey: Guid(c05543918aa32f547ae9717a6aaffe86) Importer(815301076,1909f56bfc062723c751e8b465ee728b)
Start importing Assets/Materials/VerticalScrollinSin(y).shader using Guid(c05543918aa32f547ae9717a6aaffe86) Importer(815301076,1909f56bfc062723c751e8b465ee728b)  -> (artifact id: '7434a26b339d3d41bac7309abcc7e3ee') in 0.036399 seconds
  Import took 0.038341 seconds .

========================================================================
Received Import Request.
  Time since last request: 45.509238 seconds.
  path: Assets/Materials/VerticalOscillationX.shader
  artifactKey: Guid(c05543918aa32f547ae9717a6aaffe86) Importer(815301076,1909f56bfc062723c751e8b465ee728b)
Start importing Assets/Materials/VerticalOscillationX.shader using Guid(c05543918aa32f547ae9717a6aaffe86) Importer(815301076,1909f56bfc062723c751e8b465ee728b)  -> (artifact id: '5e0fc0f66299a89a1fe320718c3ef648') in 0.008425 seconds
  Import took 0.010491 seconds .

========================================================================
Received Import Request.
  Time since last request: 0.001427 seconds.
  path: Assets/Materials/VerticalOscillationX.shader
  artifactKey: Guid(c05543918aa32f547ae9717a6aaffe86) Importer(815301076,1909f56bfc062723c751e8b465ee728b)
Start importing Assets/Materials/VerticalOscillationX.shader using Guid(c05543918aa32f547ae9717a6aaffe86) Importer(815301076,1909f56bfc062723c751e8b465ee728b)  -> (artifact id: '5e0fc0f66299a89a1fe320718c3ef648') in 0.001991 seconds
  Import took 0.003789 seconds .

========================================================================
Received Import Request.
  Time since last request: 16.907065 seconds.
  path: Assets/Materials/VerticalScrollinSin(y).shader
  artifactKey: Guid(c7ea591a86400a842913b1209b49deee) Importer(815301076,1909f56bfc062723c751e8b465ee728b)
Start importing Assets/Materials/VerticalScrollinSin(y).shader using Guid(c7ea591a86400a842913b1209b49deee) Importer(815301076,1909f56bfc062723c751e8b465ee728b)  -> (artifact id: '37492a9a9f7c3df0408d03803410cad1') in 0.008464 seconds
  Import took 0.010664 seconds .

========================================================================
Received Prepare
Registering precompiled user dll's ...
Registered in 0.000562 seconds.
Begin MonoManager ReloadAssembly
Native extension for WindowsStandalone target not found
Refreshing native plugins compatible for Editor in 0.24 ms, found 0 plugins.
Preloading 0 native plugins for Editor in 0.00 ms.
Invoked RoslynAnalysisRunner static constructor.
RoslynAnalysisRunner will not be running.
RoslynAnalysisRunner has terminated.
Mono: successfully reloaded assembly
- Completed reload, in  0.986 seconds
Platform modules already initialized, skipping
Refreshing native plugins compatible for Editor in 0.20 ms, found 0 plugins.
Preloading 0 native plugins for Editor in 0.00 ms.
Unloading 1095 Unused Serialized files (Serialized files now loaded: 0)
System memory in use before: 61.6 MB.
System memory in use after: 61.2 MB.

Unloading 6 unused Assets to reduce memory usage. Loaded Objects now: 1550.
Total: 2.071200 ms (FindLiveObjects: 0.121300 ms CreateObjectMapping: 0.027600 ms MarkObjects: 1.495400 ms  DeleteObjects: 0.426000 ms)

AssetImportWorkerClient::OnTransportError - code=2 error=End of file
